<?xml version="1.0" encoding="UTF-8"?>
<testng-results ignored="0" total="3" passed="2" failed="1" skipped="0">
  <reporter-output>
  </reporter-output>
  <suite started-at="2024-01-27T13:51:34 CST" name="Default suite" finished-at="2024-01-27T13:52:29 CST" duration-ms="55641">
    <groups>
    </groups>
    <test started-at="2024-01-27T13:51:34 CST" name="Default test" finished-at="2024-01-27T13:52:29 CST" duration-ms="55641">
      <class name="variousConcepts.CrmTest">
        <test-method is-config="true" signature="reportGenerator()[pri:0, instance:variousConcepts.CrmTest@7674f035]" started-at="2024-01-27T13:51:34 CST" name="reportGenerator" finished-at="2024-01-27T13:51:34 CST" duration-ms="307" status="PASS">
          <reporter-output>
          </reporter-output>
        </test-method> <!-- reportGenerator -->
        <test-method is-config="true" signature="readConfig()[pri:0, instance:variousConcepts.CrmTest@7674f035]" started-at="2024-01-27T13:51:34 CST" name="readConfig" finished-at="2024-01-27T13:51:34 CST" duration-ms="2" status="PASS">
          <reporter-output>
          </reporter-output>
        </test-method> <!-- readConfig -->
        <test-method is-config="true" signature="init()[pri:0, instance:variousConcepts.CrmTest@7674f035]" started-at="2024-01-27T13:51:34 CST" name="init" finished-at="2024-01-27T13:51:48 CST" duration-ms="13781" status="PASS">
          <reporter-output>
          </reporter-output>
        </test-method> <!-- init -->
        <test-method signature="testLogin()[pri:1, instance:variousConcepts.CrmTest@7674f035]" started-at="2024-01-27T13:51:48 CST" name="testLogin" finished-at="2024-01-27T13:52:07 CST" duration-ms="19338" status="PASS">
          <reporter-output>
          </reporter-output>
        </test-method> <!-- testLogin -->
        <test-method is-config="true" signature="tearDown()[pri:0, instance:variousConcepts.CrmTest@7674f035]" started-at="2024-01-27T13:52:07 CST" name="tearDown" finished-at="2024-01-27T13:52:07 CST" duration-ms="275" status="PASS">
          <reporter-output>
          </reporter-output>
        </test-method> <!-- tearDown -->
        <test-method is-config="true" signature="init()[pri:0, instance:variousConcepts.CrmTest@7674f035]" started-at="2024-01-27T13:52:07 CST" name="init" finished-at="2024-01-27T13:52:11 CST" duration-ms="3369" status="PASS">
          <reporter-output>
          </reporter-output>
        </test-method> <!-- init -->
        <test-method signature="testAlert()[pri:2, instance:variousConcepts.CrmTest@7674f035]" started-at="2024-01-27T13:52:11 CST" name="testAlert" finished-at="2024-01-27T13:52:11 CST" duration-ms="518" status="PASS">
          <reporter-output>
          </reporter-output>
        </test-method> <!-- testAlert -->
        <test-method is-config="true" signature="tearDown()[pri:0, instance:variousConcepts.CrmTest@7674f035]" started-at="2024-01-27T13:52:11 CST" name="tearDown" finished-at="2024-01-27T13:52:12 CST" duration-ms="270" status="PASS">
          <reporter-output>
          </reporter-output>
        </test-method> <!-- tearDown -->
        <test-method is-config="true" signature="init()[pri:0, instance:variousConcepts.CrmTest@7674f035]" started-at="2024-01-27T13:52:12 CST" name="init" finished-at="2024-01-27T13:52:16 CST" duration-ms="4344" status="PASS">
          <reporter-output>
          </reporter-output>
        </test-method> <!-- init -->
        <test-method signature="testAddCustomer()[pri:3, instance:variousConcepts.CrmTest@7674f035]" started-at="2024-01-27T13:52:16 CST" name="testAddCustomer" finished-at="2024-01-27T13:52:29 CST" duration-ms="12620" status="FAIL">
          <exception class="java.lang.AssertionError">
            <message>
              <![CDATA[Add Customer page is not available! expected [New Customer1] but found [New Customer]]]>
            </message>
            <full-stacktrace>
              <![CDATA[java.lang.AssertionError: Add Customer page is not available! expected [New Customer1] but found [New Customer]
at org.testng.Assert.fail(Assert.java:110)
at org.testng.Assert.failNotEquals(Assert.java:1577)
at org.testng.Assert.assertEqualsImpl(Assert.java:149)
at org.testng.Assert.assertEquals(Assert.java:131)
at org.testng.Assert.assertEquals(Assert.java:655)
at variousConcepts.CrmTest.testAddCustomer(CrmTest.java:157)
at java.base/jdk.internal.reflect.NativeMethodAccessorImpl.invoke0(Native Method)
at java.base/jdk.internal.reflect.NativeMethodAccessorImpl.invoke(NativeMethodAccessorImpl.java:62)
at java.base/jdk.internal.reflect.DelegatingMethodAccessorImpl.invoke(DelegatingMethodAccessorImpl.java:43)
at java.base/java.lang.reflect.Method.invoke(Method.java:566)
at org.testng.internal.invokers.MethodInvocationHelper.invokeMethod(MethodInvocationHelper.java:139)
at org.testng.internal.invokers.TestInvoker.invokeMethod(TestInvoker.java:677)
at org.testng.internal.invokers.TestInvoker.invokeTestMethod(TestInvoker.java:221)
at org.testng.internal.invokers.MethodRunner.runInSequence(MethodRunner.java:50)
at org.testng.internal.invokers.TestInvoker$MethodInvocationAgent.invoke(TestInvoker.java:969)
at org.testng.internal.invokers.TestInvoker.invokeTestMethods(TestInvoker.java:194)
at org.testng.internal.invokers.TestMethodWorker.invokeTestMethods(TestMethodWorker.java:148)
at org.testng.internal.invokers.TestMethodWorker.run(TestMethodWorker.java:128)
at java.base/java.util.ArrayList.forEach(ArrayList.java:1541)
at org.testng.TestRunner.privateRun(TestRunner.java:829)
at org.testng.TestRunner.run(TestRunner.java:602)
at org.testng.SuiteRunner.runTest(SuiteRunner.java:437)
at org.testng.SuiteRunner.runSequentially(SuiteRunner.java:431)
at org.testng.SuiteRunner.privateRun(SuiteRunner.java:391)
at org.testng.SuiteRunner.run(SuiteRunner.java:330)
at org.testng.SuiteRunnerWorker.runSuite(SuiteRunnerWorker.java:52)
at org.testng.SuiteRunnerWorker.run(SuiteRunnerWorker.java:95)
at org.testng.TestNG.runSuitesSequentially(TestNG.java:1256)
at org.testng.TestNG.runSuitesLocally(TestNG.java:1176)
at org.testng.TestNG.runSuites(TestNG.java:1099)
at org.testng.TestNG.run(TestNG.java:1067)
at org.testng.remote.AbstractRemoteTestNG.run(AbstractRemoteTestNG.java:115)
at org.testng.remote.RemoteTestNG.initAndRun(RemoteTestNG.java:251)
at org.testng.remote.RemoteTestNG.main(RemoteTestNG.java:77)
]]>
            </full-stacktrace>
          </exception> <!-- java.lang.AssertionError -->
          <reporter-output>
          </reporter-output>
        </test-method> <!-- testAddCustomer -->
        <test-method is-config="true" signature="tearDown()[pri:0, instance:variousConcepts.CrmTest@7674f035]" started-at="2024-01-27T13:52:29 CST" name="tearDown" finished-at="2024-01-27T13:52:29 CST" duration-ms="273" status="PASS">
          <reporter-output>
          </reporter-output>
        </test-method> <!-- tearDown -->
        <test-method is-config="true" signature="reporterClose()[pri:0, instance:variousConcepts.CrmTest@7674f035]" started-at="2024-01-27T13:52:29 CST" name="reporterClose" finished-at="2024-01-27T13:52:29 CST" duration-ms="430" status="PASS">
          <reporter-output>
          </reporter-output>
        </test-method> <!-- reporterClose -->
      </class> <!-- variousConcepts.CrmTest -->
    </test> <!-- Default test -->
  </suite> <!-- Default suite -->
</testng-results>
